This is pdfTeX, Version 3.1415926-2.3-1.40.12 (MiKTeX 2.9) (preloaded format=pdflatex 2018.1.20)  6 MAR 2018 15:09
entering extended mode
**C:/Users/Administrator/Desktop/ps1*reference*solution/ProblemSet1_Reference*S
olutions.tex

("C:/Users/Administrator/Desktop/ps1 reference solution/ProblemSet1_Reference S
olutions.tex"
LaTeX2e <2011/06/27>
Babel <v3.8m> and hyphenation patterns for loaded.
(C:\CTEX\MiKTeX\tex\latex\base\article.cls
Document Class: article 2007/10/19 v1.4h Standard LaTeX document class
(C:\CTEX\MiKTeX\tex\latex\base\size11.clo
File: size11.clo 2007/10/19 v1.4h Standard LaTeX file (size option)
)
\c@part=\count79
\c@section=\count80
\c@subsection=\count81
\c@subsubsection=\count82
\c@paragraph=\count83
\c@subparagraph=\count84
\c@figure=\count85
\c@table=\count86
\abovecaptionskip=\skip41
\belowcaptionskip=\skip42
\bibindent=\dimen102
)
(C:\CTEX\MiKTeX\tex\latex\hyperref\hyperref.sty
Package: hyperref 2012/02/06 v6.82o Hypertext links for LaTeX

(C:\CTEX\MiKTeX\tex\generic\oberdiek\hobsub-hyperref.sty
Package: hobsub-hyperref 2011/04/23 v1.4 Bundle oberdiek, subset hyperref (HO)

(C:\CTEX\MiKTeX\tex\generic\oberdiek\hobsub-generic.sty
Package: hobsub-generic 2011/04/23 v1.4 Bundle oberdiek, subset generic (HO)
Package: hobsub 2011/04/23 v1.4 Subsetting bundle oberdiek (HO)
Package: infwarerr 2010/04/08 v1.3 Providing info/warning/message (HO)
Package: ltxcmds 2011/04/18 v1.20 LaTeX kernel commands for general use (HO)
Package: ifluatex 2010/03/01 v1.3 Provides the ifluatex switch (HO)
Package ifluatex Info: LuaTeX not detected.
Package: ifvtex 2010/03/01 v1.5 Switches for detecting VTeX and its modes (HO)
Package ifvtex Info: VTeX not detected.
Package: intcalc 2007/09/27 v1.1 Expandable integer calculations (HO)
Package: ifpdf 2011/01/30 v2.3 Provides the ifpdf switch (HO)
Package ifpdf Info: pdfTeX in PDF mode is detected.
Package: etexcmds 2011/02/16 v1.5 Prefix for e-TeX command names (HO)
Package etexcmds Info: Could not find \expanded.
(etexcmds)             That can mean that you are not using pdfTeX 1.50 or
(etexcmds)             that some package has redefined \expanded.
(etexcmds)             In the latter case, load this package earlier.
Package: kvsetkeys 2011/04/07 v1.13 Key value parser (HO)
Package: kvdefinekeys 2011/04/07 v1.3 Defining keys (HO)
Package: pdftexcmds 2011/04/22 v0.16 Utilities of pdfTeX for LuaTeX (HO)
Package pdftexcmds Info: LuaTeX not detected.
Package pdftexcmds Info: \pdf@primitive is available.
Package pdftexcmds Info: \pdf@ifprimitive is available.
Package pdftexcmds Info: \pdfdraftmode found.
Package: pdfescape 2011/04/04 v1.12 Provides string conversions (HO)
Package: bigintcalc 2011/01/30 v1.2 Expandable big integer calculations (HO)
Package: bitset 2011/01/30 v1.1 Data type bit set (HO)
Package: uniquecounter 2011/01/30 v1.2 Provides unlimited unique counter (HO)
)
Package hobsub Info: Skipping package `hobsub' (already loaded).
Package: letltxmacro 2010/09/02 v1.4 Let assignment for LaTeX macros (HO)
Package: hopatch 2011/01/30 v1.0 Wrapper for package hooks (HO)
Package: xcolor-patch 2011/01/30 xcolor patch
Package: atveryend 2011/04/23 v1.7 Hooks at very end of document (HO)
Package: atbegshi 2011/01/30 v1.15 At begin shipout hook (HO)
Package: refcount 2010/12/01 v3.2 Data extraction from references (HO)
Package: hycolor 2011/01/30 v1.7 Color options of hyperref/bookmark (HO)
)
(C:\CTEX\MiKTeX\tex\latex\graphics\keyval.sty
Package: keyval 1999/03/16 v1.13 key=value parser (DPC)
\KV@toks@=\toks14
)
(C:\CTEX\MiKTeX\tex\generic\ifxetex\ifxetex.sty
Package: ifxetex 2010/09/12 v0.6 Provides ifxetex conditional
)
(C:\CTEX\MiKTeX\tex\latex\oberdiek\kvoptions.sty
Package: kvoptions 2010/12/23 v3.10 Keyval support for LaTeX options (HO)
)
\@linkdim=\dimen103
\Hy@linkcounter=\count87
\Hy@pagecounter=\count88

(C:\CTEX\MiKTeX\tex\latex\hyperref\pd1enc.def
File: pd1enc.def 2012/02/06 v6.82o Hyperref: PDFDocEncoding definition (HO)
)
\Hy@SavedSpaceFactor=\count89

(C:\CTEX\MiKTeX\tex\latex\00miktex\hyperref.cfg
File: hyperref.cfg 2002/06/06 v1.2 hyperref configuration of TeXLive
)
Package hyperref Info: Option `colorlinks' set `true' on input line 3925.
Package hyperref Info: Hyper figures OFF on input line 4046.
Package hyperref Info: Link nesting OFF on input line 4051.
Package hyperref Info: Hyper index ON on input line 4054.
Package hyperref Info: Plain pages OFF on input line 4061.
Package hyperref Info: Backreferencing OFF on input line 4066.
Package hyperref Info: Implicit mode ON; LaTeX internals redefined.
Package hyperref Info: Bookmarks ON on input line 4284.
\c@Hy@tempcnt=\count90

(C:\CTEX\MiKTeX\tex\latex\ltxmisc\url.sty
\Urlmuskip=\muskip10
Package: url 2006/04/12  ver 3.3  Verb mode for urls, etc.
)
LaTeX Info: Redefining \url on input line 4637.
\Fld@menulength=\count91
\Field@Width=\dimen104
\Fld@charsize=\dimen105
Package hyperref Info: Hyper figures OFF on input line 5757.
Package hyperref Info: Link nesting OFF on input line 5762.
Package hyperref Info: Hyper index ON on input line 5765.
Package hyperref Info: backreferencing OFF on input line 5772.
Package hyperref Info: Link coloring ON on input line 5775.
Package hyperref Info: Link coloring with OCG OFF on input line 5782.
Package hyperref Info: PDF/A mode OFF on input line 5787.
LaTeX Info: Redefining \ref on input line 5827.
LaTeX Info: Redefining \pageref on input line 5831.
\Hy@abspage=\count92
\c@Item=\count93
\c@Hfootnote=\count94
)

Package hyperref Message: Driver (autodetected): hpdftex.

(C:\CTEX\MiKTeX\tex\latex\hyperref\hpdftex.def
File: hpdftex.def 2012/02/06 v6.82o Hyperref driver for pdfTeX
\Fld@listcount=\count95
\c@bookmark@seq@number=\count96

(C:\CTEX\MiKTeX\tex\latex\oberdiek\rerunfilecheck.sty
Package: rerunfilecheck 2011/04/15 v1.7 Rerun checks for auxiliary files (HO)
Package uniquecounter Info: New unique counter `rerunfilecheck' on input line 2
82.
)
\Hy@SectionHShift=\skip43
)
(C:\CTEX\MiKTeX\tex\latex\ams\math\amsmath.sty
Package: amsmath 2000/07/18 v2.13 AMS math features
\@mathmargin=\skip44

For additional information on amsmath, use the `?' option.
(C:\CTEX\MiKTeX\tex\latex\ams\math\amstext.sty
Package: amstext 2000/06/29 v2.01

(C:\CTEX\MiKTeX\tex\latex\ams\math\amsgen.sty
File: amsgen.sty 1999/11/30 v2.0
\@emptytoks=\toks15
\ex@=\dimen106
))
(C:\CTEX\MiKTeX\tex\latex\ams\math\amsbsy.sty
Package: amsbsy 1999/11/29 v1.2d
\pmbraise@=\dimen107
)
(C:\CTEX\MiKTeX\tex\latex\ams\math\amsopn.sty
Package: amsopn 1999/12/14 v2.01 operator names
)
\inf@bad=\count97
LaTeX Info: Redefining \frac on input line 211.
\uproot@=\count98
\leftroot@=\count99
LaTeX Info: Redefining \overline on input line 307.
\classnum@=\count100
\DOTSCASE@=\count101
LaTeX Info: Redefining \ldots on input line 379.
LaTeX Info: Redefining \dots on input line 382.
LaTeX Info: Redefining \cdots on input line 467.
\Mathstrutbox@=\box26
\strutbox@=\box27
\big@size=\dimen108
LaTeX Font Info:    Redeclaring font encoding OML on input line 567.
LaTeX Font Info:    Redeclaring font encoding OMS on input line 568.
\macc@depth=\count102
\c@MaxMatrixCols=\count103
\dotsspace@=\muskip11
\c@parentequation=\count104
\dspbrk@lvl=\count105
\tag@help=\toks16
\row@=\count106
\column@=\count107
\maxfields@=\count108
\andhelp@=\toks17
\eqnshift@=\dimen109
\alignsep@=\dimen110
\tagshift@=\dimen111
\tagwidth@=\dimen112
\totwidth@=\dimen113
\lineht@=\dimen114
\@envbody=\toks18
\multlinegap=\skip45
\multlinetaggap=\skip46
\mathdisplay@stack=\toks19
LaTeX Info: Redefining \[ on input line 2666.
LaTeX Info: Redefining \] on input line 2667.
)
(C:\CTEX\MiKTeX\tex\latex\ams\classes\amsthm.sty
Package: amsthm 2004/08/06 v2.20
\thm@style=\toks20
\thm@bodyfont=\toks21
\thm@headfont=\toks22
\thm@notefont=\toks23
\thm@headpunct=\toks24
\thm@preskip=\skip47
\thm@postskip=\skip48
\thm@headsep=\skip49
\dth@everypar=\toks25
)
(C:\CTEX\MiKTeX\tex\latex\amsfonts\amssymb.sty
Package: amssymb 2009/06/22 v3.00

(C:\CTEX\MiKTeX\tex\latex\amsfonts\amsfonts.sty
Package: amsfonts 2009/06/22 v3.00 Basic AMSFonts support
\symAMSa=\mathgroup4
\symAMSb=\mathgroup5
LaTeX Font Info:    Overwriting math alphabet `\mathfrak' in version `bold'
(Font)                  U/euf/m/n --> U/euf/b/n on input line 96.
))
(C:\CTEX\MiKTeX\tex\latex\tools\verbatim.sty
Package: verbatim 2003/08/22 v1.5q LaTeX2e package for verbatim enhancements
\every@verbatim=\toks26
\verbatim@line=\toks27
\verbatim@in@stream=\read1
)
(C:\CTEX\UserData\tex\latex\preprint\fullpage.sty
Package: fullpage 1999/02/23 1.1 (PWD)
\FP@margin=\skip50
)
(C:\CTEX\MiKTeX\tex\latex\graphics\graphicx.sty
Package: graphicx 1999/02/16 v1.0f Enhanced LaTeX Graphics (DPC,SPQR)

(C:\CTEX\MiKTeX\tex\latex\graphics\graphics.sty
Package: graphics 2009/02/05 v1.0o Standard LaTeX Graphics (DPC,SPQR)

(C:\CTEX\MiKTeX\tex\latex\graphics\trig.sty
Package: trig 1999/03/16 v1.09 sin cos tan (DPC)
)
(C:\CTEX\MiKTeX\tex\latex\00miktex\graphics.cfg
File: graphics.cfg 2007/01/18 v1.5 graphics configuration of teTeX/TeXLive
)
Package graphics Info: Driver file: pdftex.def on input line 91.

(C:\CTEX\MiKTeX\tex\latex\pdftex-def\pdftex.def
File: pdftex.def 2011/05/27 v0.06d Graphics/color for pdfTeX
\Gread@gobject=\count109
))
\Gin@req@height=\dimen115
\Gin@req@width=\dimen116
)
(C:\CTEX\MiKTeX\tex\latex\tools\enumerate.sty
Package: enumerate 1999/03/05 v3.00 enumerate extensions (DPC)
\@enLab=\toks28
)
(C:\CTEX\UserData\tex\latex\xcolor\xcolor.sty
Package: xcolor 2016/05/11 v2.12 LaTeX color extensions (UK)

(C:\CTEX\MiKTeX\tex\latex\00miktex\color.cfg
File: color.cfg 2007/01/18 v1.5 color configuration of teTeX/TeXLive
)
Package xcolor Info: Package option `usenames' ignored on input line 216.
Package xcolor Info: Driver file: pdftex.def on input line 225.
Package xcolor Info: Model `cmy' substituted by `cmy0' on input line 1348.
Package xcolor Info: Model `hsb' substituted by `rgb' on input line 1352.
Package xcolor Info: Model `RGB' extended on input line 1364.
Package xcolor Info: Model `HTML' substituted by `rgb' on input line 1366.
Package xcolor Info: Model `Hsb' substituted by `hsb' on input line 1367.
Package xcolor Info: Model `tHsb' substituted by `hsb' on input line 1368.
Package xcolor Info: Model `HSB' substituted by `hsb' on input line 1369.
Package xcolor Info: Model `Gray' substituted by `gray' on input line 1370.
Package xcolor Info: Model `wave' substituted by `hsb' on input line 1371.

(C:\CTEX\MiKTeX\tex\latex\graphics\dvipsnam.def
File: dvipsnam.def 1999/02/16 v3.0i Driver-dependant file (DPC,SPQR)
))
("C:\Users\Administrator\Desktop\ps1 reference solution\ProblemSet1_Reference S
olutions.aux")
LaTeX Font Info:    Checking defaults for OML/cmm/m/it on input line 19.
LaTeX Font Info:    ... okay on input line 19.
LaTeX Font Info:    Checking defaults for T1/cmr/m/n on input line 19.
LaTeX Font Info:    ... okay on input line 19.
LaTeX Font Info:    Checking defaults for OT1/cmr/m/n on input line 19.
LaTeX Font Info:    ... okay on input line 19.
LaTeX Font Info:    Checking defaults for OMS/cmsy/m/n on input line 19.
LaTeX Font Info:    ... okay on input line 19.
LaTeX Font Info:    Checking defaults for OMX/cmex/m/n on input line 19.
LaTeX Font Info:    ... okay on input line 19.
LaTeX Font Info:    Checking defaults for U/cmr/m/n on input line 19.
LaTeX Font Info:    ... okay on input line 19.
LaTeX Font Info:    Checking defaults for PD1/pdf/m/n on input line 19.
LaTeX Font Info:    ... okay on input line 19.
\AtBeginShipoutBox=\box28
Package hyperref Info: Link coloring ON on input line 19.
 (C:\CTEX\MiKTeX\tex\latex\hyperref\nameref.sty
Package: nameref 2010/04/30 v2.40 Cross-referencing by name of section

(C:\CTEX\MiKTeX\tex\generic\oberdiek\gettitlestring.sty
Package: gettitlestring 2010/12/03 v1.4 Cleanup title references (HO)
)
\c@section@level=\count110
)
LaTeX Info: Redefining \ref on input line 19.
LaTeX Info: Redefining \pageref on input line 19.
LaTeX Info: Redefining \nameref on input line 19.

("C:\Users\Administrator\Desktop\ps1 reference solution\ProblemSet1_Reference S
olutions.out")
("C:\Users\Administrator\Desktop\ps1 reference solution\ProblemSet1_Reference S
olutions.out")
\@outlinefile=\write3
 (C:\CTEX\MiKTeX\tex\context\base\supp-pdf.mkii
[Loading MPS to PDF converter (version 2006.09.02).]
\scratchcounter=\count111
\scratchdimen=\dimen117
\scratchbox=\box29
\nofMPsegments=\count112
\nofMParguments=\count113
\everyMPshowfont=\toks29
\MPscratchCnt=\count114
\MPscratchDim=\dimen118
\MPnumerator=\count115
\makeMPintoPDFobject=\count116
\everyMPtoPDFconversion=\toks30
)
Underfull \hbox (badness 10000) in paragraph at lines 32--37

 []

LaTeX Font Info:    Try loading font information for U+msa on input line 37.
(C:\CTEX\MiKTeX\tex\latex\amsfonts\umsa.fd
File: umsa.fd 2009/06/22 v3.00 AMS symbols A
)
LaTeX Font Info:    Try loading font information for U+msb on input line 37.

(C:\CTEX\MiKTeX\tex\latex\amsfonts\umsb.fd
File: umsb.fd 2009/06/22 v3.00 AMS symbols B
)
Underfull \hbox (badness 10000) in paragraph at lines 39--50

 []


Underfull \hbox (badness 10000) in paragraph at lines 39--50

 []

LaTeX Font Info:    Try loading font information for OMS+cmr on input line 51.
(C:\CTEX\MiKTeX\tex\latex\base\omscmr.fd
File: omscmr.fd 1999/05/25 v2.5h Standard LaTeX font definitions
)
LaTeX Font Info:    Font shape `OMS/cmr/m/n' in size <10.95> not available
(Font)              Font shape `OMS/cmsy/m/n' tried instead on input line 51.
 [1

{C:/CTEX/UserData/pdftex/config/pdftex.map{Unicode.sfd}{UGBK.sfd}}] <1a.jpg, id
=18, 391.4625pt x 313.67188pt>
File: 1a.jpg Graphic file (type jpg)

<use 1a.jpg>
Package pdftex.def Info: 1a.jpg used on input line 78.
(pdftex.def)             Requested size: 248.16821pt x 198.85396pt.

Underfull \hbox (badness 10000) in paragraph at lines 65--81

 []


Underfull \hbox (badness 10000) in paragraph at lines 65--81

 []

Missing character: There is no ¨ in font cmr10!
[2 <C:/Users/Administrator/Desktop/ps1 reference solution/1a.jpg>]
Underfull \hbox (badness 10000) in paragraph at lines 95--97

 []

<1b.jpg, id=25, 719.68875pt x 357.335pt>
File: 1b.jpg Graphic file (type jpg)
 <use 1b.jpg>
Package pdftex.def Info: 1b.jpg used on input line 106.
(pdftex.def)             Requested size: 248.16821pt x 123.22072pt.

Underfull \hbox (badness 10000) in paragraph at lines 99--119

 []


Underfull \hbox (badness 10000) in paragraph at lines 99--119

 []


Underfull \hbox (badness 10000) in paragraph at lines 99--119

 []


Underfull \hbox (badness 10000) in paragraph at lines 99--119

 []

<1c.jpg, id=27, 463.7325pt x 321.45094pt>
File: 1c.jpg Graphic file (type jpg)
 <use 1c.jpg>
Package pdftex.def Info: 1c.jpg used on input line 128.
(pdftex.def)             Requested size: 248.16821pt x 172.02605pt.

Underfull \hbox (badness 10000) in paragraph at lines 120--142

 []


Underfull \hbox (badness 10000) in paragraph at lines 120--142

 []


Underfull \hbox (badness 10000) in paragraph at lines 120--142

 []

[3 <C:/Users/Administrator/Desktop/ps1 reference solution/1b.jpg>] [4 <C:/Users
/Administrator/Desktop/ps1 reference solution/1c.jpg>]
Underfull \hbox (badness 10000) in paragraph at lines 144--155

 []


Underfull \hbox (badness 10000) in paragraph at lines 144--155

 []


Underfull \hbox (badness 10000) in paragraph at lines 144--155

 []

[5]
Missing character: There is no ¡ in font cmr10!
Missing character: There is no ° in font cmr10!
Missing character: There is no ¡ in font cmr10!
Missing character: There is no ° in font cmr10!
Missing character: There is no ¡ in font cmr10!
Missing character: There is no ° in font cmr10!
Missing character: There is no ¡ in font cmr10!
Missing character: There is no ° in font cmr10!
Missing character: There is no ¡ in font cmr10!
Missing character: There is no ° in font cmr10!
Missing character: There is no ¡ in font cmr10!
Missing character: There is no ° in font cmr10!
Missing character: There is no ¡ in font cmr10!
Missing character: There is no ± in font cmr10!
Missing character: There is no ¡ in font cmr10!
Missing character: There is no ° in font cmr10!
Missing character: There is no ¡ in font cmr10!
Missing character: There is no ° in font cmr10!
Missing character: There is no ¡ in font cmr10!
Missing character: There is no ° in font cmr10!
Missing character: There is no ¡ in font cmr10!
Missing character: There is no ° in font cmr10!
Missing character: There is no ¡ in font cmr10!
Missing character: There is no ° in font cmr10!
Missing character: There is no ¡ in font cmr10!
Missing character: There is no ° in font cmr10!
Missing character: There is no ¡ in font cmr10!
Missing character: There is no ± in font cmr10!

Overfull \hbox (46.34267pt too wide) in paragraph at lines 181--226
\OT1/cmr/m/n/10.95 and the test-ing da-ta. To ap-ply this func-tion, y-ou may t
ype: []\OT1/cmtt/m/n/10.95 AssesmentTrain = na.omit(AssessmentTrain)
 []


Underfull \hbox (badness 10000) in paragraph at lines 181--226

 []


Underfull \hbox (badness 10000) in paragraph at lines 181--226

 []


Underfull \hbox (badness 10000) in paragraph at lines 181--226

 []


Underfull \hbox (badness 10000) in paragraph at lines 181--226

 []


Underfull \hbox (badness 10000) in paragraph at lines 181--226

 []


Underfull \hbox (badness 10000) in paragraph at lines 181--226

 []


Overfull \hbox (5.21196pt too wide) in paragraph at lines 181--226
\OT1/cmr/m/n/10.95 For a s-tu-den-t who is Asian, raceethAsian" should be set t
o 1; Al-l oth-er bi-na-ry vari-ables, raceethAmer-
 []


Underfull \hbox (badness 10000) in paragraph at lines 181--226

 []


Underfull \hbox (badness 10000) in paragraph at lines 181--226

 []


Underfull \hbox (badness 10000) in paragraph at lines 181--226

 []


Underfull \hbox (badness 10000) in paragraph at lines 181--226

 []


Underfull \hbox (badness 10000) in paragraph at lines 181--226

 []

[6] <2c1.jpg, id=48, 690.32906pt x 566.115pt>
File: 2c1.jpg Graphic file (type jpg)
 <use 2c1.jpg>
Package pdftex.def Info: 2c1.jpg used on input line 231.
(pdftex.def)             Requested size: 248.16821pt x 203.51617pt.

<2c2.jpg, id=49, 573.64313pt x 587.19376pt>
File: 2c2.jpg Graphic file (type jpg)
 <use 2c2.jpg>
Package pdftex.def Info: 2c2.jpg used on input line 237.
(pdftex.def)             Requested size: 248.16821pt x 254.02948pt.

Underfull \hbox (badness 10000) in paragraph at lines 227--258

 []


Underfull \hbox (badness 10000) in paragraph at lines 227--258

 []


Underfull \hbox (badness 10000) in paragraph at lines 227--258

 []


Underfull \hbox (badness 10000) in paragraph at lines 227--258

 []


Underfull \hbox (badness 10000) in paragraph at lines 227--258

 []


Underfull \hbox (badness 10000) in paragraph at lines 227--258

 []


Underfull \hbox (badness 10000) in paragraph at lines 227--258

 []


Underfull \hbox (badness 10000) in paragraph at lines 227--258

 []

[7] [8 <C:/Users/Administrator/Desktop/ps1 reference solution/2c1.jpg>]
Underfull \hbox (badness 10000) in paragraph at lines 260--268

 []


Underfull \hbox (badness 10000) in paragraph at lines 260--268

 []


Underfull \hbox (badness 10000) in paragraph at lines 277--283

 []


Underfull \hbox (badness 10000) in paragraph at lines 277--283

 []

[9 <C:/Users/Administrator/Desktop/ps1 reference solution/2c2.jpg>]
<3a.jpg, id=65, 542.77782pt x 256.70906pt>
File: 3a.jpg Graphic file (type jpg)
 <use 3a.jpg>
Package pdftex.def Info: 3a.jpg used on input line 286.
(pdftex.def)             Requested size: 372.26178pt x 176.0679pt.

Underfull \hbox (badness 10000) in paragraph at lines 292--301

 []


Underfull \hbox (badness 10000) in paragraph at lines 302--329

 []


Underfull \hbox (badness 10000) in paragraph at lines 302--329

 []


Underfull \hbox (badness 10000) in paragraph at lines 302--329

 []


Underfull \hbox (badness 10000) in paragraph at lines 302--329

 []


Underfull \hbox (badness 10000) in paragraph at lines 302--329

 []


Underfull \hbox (badness 10000) in paragraph at lines 302--329

 []


Underfull \hbox (badness 10000) in paragraph at lines 302--329

 []

[10 <C:/Users/Administrator/Desktop/ps1 reference solution/3a.jpg>]
<3e.jpg, id=71, 379.4175pt x 361.35pt>
File: 3e.jpg Graphic file (type jpg)
 <use 3e.jpg>
Package pdftex.def Info: 3e.jpg used on input line 346.
(pdftex.def)             Requested size: 223.35518pt x 212.72047pt.

Underfull \hbox (badness 10000) in paragraph at lines 330--386

 []


Underfull \hbox (badness 10000) in paragraph at lines 330--386

 []


Underfull \hbox (badness 10000) in paragraph at lines 330--386

 []


Underfull \hbox (badness 10000) in paragraph at lines 330--386

 []


Underfull \hbox (badness 10000) in paragraph at lines 330--386

 []


Overfull \hbox (4.68062pt too wide) in paragraph at lines 330--386
\OT1/cmr/m/n/10.95 It is a mat-ter of mul-ti-co-l-in-ear-i-ty. There are high c
or-re-la-tion-s a-mong Queries, CPI[]all and CPI[]energy.
 []


Underfull \hbox (badness 10000) in paragraph at lines 330--386

 []


Underfull \hbox (badness 10000) in paragraph at lines 330--386

 []

[11] [12 <C:/Users/Administrator/Desktop/ps1 reference solution/3e.jpg>]
[13]
Underfull \hbox (badness 10000) in paragraph at lines 388--393

 []

<4a.jpg, id=88, 438.8897pt x 140.77594pt>
File: 4a.jpg Graphic file (type jpg)
 <use 4a.jpg>
Package pdftex.def Info: 4a.jpg used on input line 428.
(pdftex.def)             Requested size: 372.26178pt x 119.40662pt.

<4b.jpg, id=90, 383.93437pt x 143.78719pt>
File: 4b.jpg Graphic file (type jpg)
 <use 4b.jpg>
Package pdftex.def Info: 4b.jpg used on input line 441.
(pdftex.def)             Requested size: 248.16821pt x 92.94276pt.

<4d.jpg, id=92, 422.32782pt x 187.45032pt>
File: 4d.jpg Graphic file (type jpg)
 <use 4d.jpg>
Package pdftex.def Info: 4d.jpg used on input line 451.
(pdftex.def)             Requested size: 248.16821pt x 110.15137pt.

<4e.jpg, id=94, 420.06938pt x 181.42781pt>
File: 4e.jpg Graphic file (type jpg)
 <use 4e.jpg>
Package pdftex.def Info: 4e.jpg used on input line 461.
(pdftex.def)             Requested size: 248.16821pt x 107.18266pt.

Underfull \hbox (badness 10000) in paragraph at lines 406--470

 []


Underfull \hbox (badness 10000) in paragraph at lines 406--470

 []


Underfull \hbox (badness 10000) in paragraph at lines 406--470

 []


Underfull \hbox (badness 10000) in paragraph at lines 406--470

 []


Underfull \hbox (badness 10000) in paragraph at lines 406--470

 []


Underfull \hbox (badness 10000) in paragraph at lines 406--470

 []


Underfull \hbox (badness 10000) in paragraph at lines 406--470

 []

[14 <C:/Users/Administrator/Desktop/ps1 reference solution/4a.jpg>] [15 <C:/Use
rs/Administrator/Desktop/ps1 reference solution/4b.jpg> <C:/Users/Administrator
/Desktop/ps1 reference solution/4d.jpg> <C:/Users/Administrator/Desktop/ps1 ref
erence solution/4e.jpg>] <4f.jpg, id=108, 429.85594pt x 238.64156pt>
File: 4f.jpg Graphic file (type jpg)

<use 4f.jpg>
Package pdftex.def Info: 4f.jpg used on input line 476.
(pdftex.def)             Requested size: 248.16821pt x 137.77495pt.
Package atveryend Info: Empty hook `BeforeClearDocument' on input line 491.
 [16 <C:/Users/Administrator/Desktop/ps1 reference solution/4f.jpg>]
Package atveryend Info: Empty hook `AfterLastShipout' on input line 491.

("C:\Users\Administrator\Desktop\ps1 reference solution\ProblemSet1_Reference S
olutions.aux")
Package atveryend Info: Executing hook `AtVeryEndDocument' on input line 491.
Package atveryend Info: Executing hook `AtEndAfterFileList' on input line 491.
Package rerunfilecheck Info: File `ProblemSet1_Reference*Solutions.out' has not
 changed.
(rerunfilecheck)             Checksum: <no file>.
 ) 
Here is how much of TeX's memory you used:
 6392 strings out of 495354
 88562 string characters out of 3183859
 183612 words of memory out of 3000000
 9465 multiletter control sequences out of 15000+200000
 9725 words of font info for 37 fonts, out of 3000000 for 9000
 14 hyphenation exceptions out of 8191
 29i,7n,35p,780b,398s stack positions out of 5000i,500n,10000p,200000b,50000s
<C:/CTEX/MiKTeX/fonts/type1/public/amsfonts/cm/cmbx10.pfb><C:/CTEX/MiKTeX/fon
ts/type1/public/amsfonts/cm/cmbx12.pfb><C:/CTEX/MiKTeX/fonts/type1/public/amsfo
nts/cm/cmex10.pfb><C:/CTEX/MiKTeX/fonts/type1/public/amsfonts/cm/cmmi10.pfb><C:
/CTEX/MiKTeX/fonts/type1/public/amsfonts/cm/cmmi8.pfb><C:/CTEX/MiKTeX/fonts/typ
e1/public/amsfonts/cm/cmr10.pfb><C:/CTEX/MiKTeX/fonts/type1/public/amsfonts/cm/
cmr8.pfb><C:/CTEX/MiKTeX/fonts/type1/public/amsfonts/cm/cmsy10.pfb><C:/CTEX/MiK
TeX/fonts/type1/public/amsfonts/cm/cmti10.pfb><C:/CTEX/MiKTeX/fonts/type1/publi
c/amsfonts/cm/cmtt10.pfb>
Output written on "ProblemSet1_Reference Solutions.pdf" (16 pages, 1381087 byte
s).
PDF statistics:
 153 PDF objects out of 1000 (max. 8388607)
 28 named destinations out of 1000 (max. 500000)
 61 words of extra memory for PDF output out of 10000 (max. 10000000)

